<?xml version="1.0" encoding="UTF-8"?>
<!-- Generated by org.testng.reporters.JUnitReportReporter -->
<testsuite hostname="DESKTOP-4V2B5VI" failures="0" tests="2" name="neoStoxTestClasses.ValidateNeoStoxUserName" time="18.246" errors="0" timestamp="2022-12-15T09:52:26 IST" skipped="0">
  <testcase classname="neoStoxTestClasses.ValidateNeoStoxUserName" name="validateUserName" time="8.440"/>
  <system-out>
    <![CDATA[reading expUserName from property file..
TC validateUserName passed successfully]]>
  </system-out>
  <testcase classname="neoStoxTestClasses.ValidateNeoStoxUserName" name="validateUserName" time="9.806"/>
  <system-out>
    <![CDATA[reading expUserName from property file..
TC validateUserName passed successfully]]>
  </system-out>
</testsuite> <!-- neoStoxTestClasses.ValidateNeoStoxUserName -->
