<?xml version="1.0" encoding="UTF-8"?>
<!-- Generated by org.testng.reporters.JUnitReportReporter -->
<testsuite hostname="DESKTOP-4V2B5VI" failures="0" tests="1" name="neoStoxTestClasses.ValidateNeoStoxUserName" time="9.413" errors="0" timestamp="2022-12-15T09:59:57 IST" skipped="0">
  <testcase classname="neoStoxTestClasses.ValidateNeoStoxUserName" name="validateUserName" time="9.413"/>
  <system-out>
    <![CDATA[reading expUserName from property file..
TC validateUserName passed successfully]]>
  </system-out>
</testsuite> <!-- neoStoxTestClasses.ValidateNeoStoxUserName -->
